{"testStartedAt":1619359507118,"testId":"new-test","duration":0,"error":{"name":"AssertionError","message":"testStartedAt is required","hash":"ec0fa3c599e149fea55e48f3bbff9d9d9df1aa2e","stack":"AssertionError [ERR_ASSERTION]: testStartedAt is required\n    at RealtimeReporterHelper._mapStep (D:\\codeceptjs\\examples\\sampleformapp\\node_modules\\@codeceptjs\\ui\\lib\\codeceptjs\\realtime-reporter.helper.js:209:5)\n    at D:\\codeceptjs\\examples\\sampleformapp\\node_modules\\@codeceptjs\\ui\\lib\\codeceptjs\\realtime-reporter.helper.js:137:16\n    at runMicrotasks (<anonymous>)\n    at processTicksAndRejections (internal/process/task_queues.js:94:5)","expected":true,"operator":"=="},"result":"failed"}